{"C:\\Users\\sboud\\Desktop\\SLICE COMPONENTS REACT + VITE + TYPESCRIPT\\src\\components\\ErrorComponent.tsx": {"path":"C:\\Users\\sboud\\Desktop\\SLICE COMPONENTS REACT + VITE + TYPESCRIPT\\src\\components\\ErrorComponent.tsx","all":false,"statementMap":{"0":{"start":{"line":1,"column":0},"end":{"line":1,"column":26}},"1":{"start":{"line":2,"column":0},"end":{"line":2,"column":0}},"2":{"start":{"line":3,"column":0},"end":{"line":3,"column":22}},"3":{"start":{"line":4,"column":0},"end":{"line":4,"column":19}},"4":{"start":{"line":5,"column":0},"end":{"line":5,"column":1}},"5":{"start":{"line":6,"column":0},"end":{"line":6,"column":0}},"6":{"start":{"line":7,"column":0},"end":{"line":7,"column":63}},"7":{"start":{"line":8,"column":0},"end":{"line":8,"column":10}},"8":{"start":{"line":9,"column":0},"end":{"line":9,"column":47}},"9":{"start":{"line":10,"column":0},"end":{"line":10,"column":33}},"10":{"start":{"line":11,"column":0},"end":{"line":11,"column":63}},"11":{"start":{"line":12,"column":0},"end":{"line":12,"column":44}},"12":{"start":{"line":13,"column":0},"end":{"line":13,"column":74}},"13":{"start":{"line":14,"column":0},"end":{"line":14,"column":55}},"14":{"start":{"line":15,"column":0},"end":{"line":15,"column":42}},"15":{"start":{"line":16,"column":0},"end":{"line":16,"column":19}},"16":{"start":{"line":17,"column":0},"end":{"line":17,"column":14}},"17":{"start":{"line":18,"column":0},"end":{"line":18,"column":12}},"18":{"start":{"line":19,"column":0},"end":{"line":19,"column":10}},"19":{"start":{"line":20,"column":0},"end":{"line":20,"column":4}},"20":{"start":{"line":21,"column":0},"end":{"line":21,"column":2}},"21":{"start":{"line":22,"column":0},"end":{"line":22,"column":0}},"22":{"start":{"line":23,"column":0},"end":{"line":23,"column":30}}},"s":{"0":1,"1":1,"2":1,"3":1,"4":1,"5":1,"6":1,"7":2,"8":2,"9":2,"10":2,"11":2,"12":2,"13":2,"14":2,"15":2,"16":2,"17":2,"18":2,"19":2,"20":2,"21":1,"22":1},"branchMap":{"0":{"type":"branch","line":7,"loc":{"start":{"line":7,"column":45},"end":{"line":21,"column":2}},"locations":[{"start":{"line":7,"column":45},"end":{"line":21,"column":2}}]}},"b":{"0":[2]},"fnMap":{"0":{"name":"ErrorComponent","decl":{"start":{"line":7,"column":45},"end":{"line":21,"column":2}},"loc":{"start":{"line":7,"column":45},"end":{"line":21,"column":2}},"line":7}},"f":{"0":2}}
,"C:\\Users\\sboud\\Desktop\\SLICE COMPONENTS REACT + VITE + TYPESCRIPT\\src\\components\\PageEditor.tsx": {"path":"C:\\Users\\sboud\\Desktop\\SLICE COMPONENTS REACT + VITE + TYPESCRIPT\\src\\components\\PageEditor.tsx","all":false,"statementMap":{"0":{"start":{"line":1,"column":0},"end":{"line":1,"column":26}},"1":{"start":{"line":2,"column":0},"end":{"line":2,"column":51}},"2":{"start":{"line":3,"column":0},"end":{"line":3,"column":52}},"3":{"start":{"line":4,"column":0},"end":{"line":4,"column":58}},"4":{"start":{"line":5,"column":0},"end":{"line":5,"column":54}},"5":{"start":{"line":6,"column":0},"end":{"line":6,"column":51}},"6":{"start":{"line":7,"column":0},"end":{"line":7,"column":39}},"7":{"start":{"line":8,"column":0},"end":{"line":8,"column":35}},"8":{"start":{"line":9,"column":0},"end":{"line":9,"column":55}},"9":{"start":{"line":10,"column":0},"end":{"line":10,"column":0}},"10":{"start":{"line":11,"column":0},"end":{"line":11,"column":37}},"11":{"start":{"line":12,"column":0},"end":{"line":12,"column":74}},"12":{"start":{"line":13,"column":0},"end":{"line":13,"column":22}},"13":{"start":{"line":14,"column":0},"end":{"line":14,"column":0}},"14":{"start":{"line":15,"column":0},"end":{"line":15,"column":54}},"15":{"start":{"line":16,"column":0},"end":{"line":16,"column":28}},"16":{"start":{"line":17,"column":0},"end":{"line":17,"column":21}},"17":{"start":{"line":18,"column":0},"end":{"line":18,"column":19}},"18":{"start":{"line":19,"column":0},"end":{"line":19,"column":32}},"19":{"start":{"line":20,"column":0},"end":{"line":20,"column":28}},"20":{"start":{"line":21,"column":0},"end":{"line":21,"column":43}},"21":{"start":{"line":22,"column":0},"end":{"line":22,"column":43}},"22":{"start":{"line":23,"column":0},"end":{"line":23,"column":15}},"23":{"start":{"line":24,"column":0},"end":{"line":24,"column":13}},"24":{"start":{"line":25,"column":0},"end":{"line":25,"column":24}},"25":{"start":{"line":26,"column":0},"end":{"line":26,"column":19}},"26":{"start":{"line":27,"column":0},"end":{"line":27,"column":35}},"27":{"start":{"line":28,"column":0},"end":{"line":28,"column":28}},"28":{"start":{"line":29,"column":0},"end":{"line":29,"column":43}},"29":{"start":{"line":30,"column":0},"end":{"line":30,"column":43}},"30":{"start":{"line":31,"column":0},"end":{"line":31,"column":15}},"31":{"start":{"line":32,"column":0},"end":{"line":32,"column":13}},"32":{"start":{"line":33,"column":0},"end":{"line":33,"column":22}},"33":{"start":{"line":34,"column":0},"end":{"line":34,"column":19}},"34":{"start":{"line":35,"column":0},"end":{"line":35,"column":33}},"35":{"start":{"line":36,"column":0},"end":{"line":36,"column":28}},"36":{"start":{"line":37,"column":0},"end":{"line":37,"column":43}},"37":{"start":{"line":38,"column":0},"end":{"line":38,"column":43}},"38":{"start":{"line":39,"column":0},"end":{"line":39,"column":15}},"39":{"start":{"line":40,"column":0},"end":{"line":40,"column":13}},"40":{"start":{"line":41,"column":0},"end":{"line":41,"column":17}},"41":{"start":{"line":42,"column":0},"end":{"line":42,"column":23}},"42":{"start":{"line":43,"column":0},"end":{"line":43,"column":8}},"43":{"start":{"line":44,"column":0},"end":{"line":44,"column":7}},"44":{"start":{"line":45,"column":0},"end":{"line":45,"column":0}},"45":{"start":{"line":46,"column":0},"end":{"line":46,"column":47}},"46":{"start":{"line":47,"column":0},"end":{"line":47,"column":0}},"47":{"start":{"line":48,"column":0},"end":{"line":48,"column":52}},"48":{"start":{"line":49,"column":0},"end":{"line":49,"column":31}},"49":{"start":{"line":50,"column":0},"end":{"line":50,"column":31}},"50":{"start":{"line":51,"column":0},"end":{"line":51,"column":37}},"51":{"start":{"line":52,"column":0},"end":{"line":52,"column":33}},"52":{"start":{"line":53,"column":0},"end":{"line":53,"column":6}},"53":{"start":{"line":54,"column":0},"end":{"line":54,"column":23}},"54":{"start":{"line":55,"column":0},"end":{"line":55,"column":52}},"55":{"start":{"line":56,"column":0},"end":{"line":56,"column":12}},"56":{"start":{"line":57,"column":0},"end":{"line":57,"column":16}},"57":{"start":{"line":58,"column":0},"end":{"line":58,"column":35}},"58":{"start":{"line":59,"column":0},"end":{"line":59,"column":36}},"59":{"start":{"line":60,"column":0},"end":{"line":60,"column":36}},"60":{"start":{"line":61,"column":0},"end":{"line":61,"column":8}},"61":{"start":{"line":62,"column":0},"end":{"line":62,"column":6}},"62":{"start":{"line":63,"column":0},"end":{"line":63,"column":4}},"63":{"start":{"line":64,"column":0},"end":{"line":64,"column":0}},"64":{"start":{"line":65,"column":0},"end":{"line":65,"column":10}},"65":{"start":{"line":66,"column":0},"end":{"line":66,"column":34}},"66":{"start":{"line":67,"column":0},"end":{"line":67,"column":30}},"67":{"start":{"line":68,"column":0},"end":{"line":68,"column":28}},"68":{"start":{"line":69,"column":0},"end":{"line":69,"column":73}},"69":{"start":{"line":70,"column":0},"end":{"line":70,"column":34}},"70":{"start":{"line":71,"column":0},"end":{"line":71,"column":50}},"71":{"start":{"line":72,"column":0},"end":{"line":72,"column":45}},"72":{"start":{"line":73,"column":0},"end":{"line":73,"column":18}},"73":{"start":{"line":74,"column":0},"end":{"line":74,"column":13}},"74":{"start":{"line":75,"column":0},"end":{"line":75,"column":14}},"75":{"start":{"line":76,"column":0},"end":{"line":76,"column":27}},"76":{"start":{"line":77,"column":0},"end":{"line":77,"column":36}},"77":{"start":{"line":78,"column":0},"end":{"line":78,"column":21}},"78":{"start":{"line":79,"column":0},"end":{"line":79,"column":37}},"79":{"start":{"line":80,"column":0},"end":{"line":80,"column":73}},"80":{"start":{"line":81,"column":0},"end":{"line":81,"column":32}},"81":{"start":{"line":82,"column":0},"end":{"line":82,"column":54}},"82":{"start":{"line":83,"column":0},"end":{"line":83,"column":40}},"83":{"start":{"line":84,"column":0},"end":{"line":84,"column":30}},"84":{"start":{"line":85,"column":0},"end":{"line":85,"column":49}},"85":{"start":{"line":86,"column":0},"end":{"line":86,"column":30}},"86":{"start":{"line":87,"column":0},"end":{"line":87,"column":78}},"87":{"start":{"line":88,"column":0},"end":{"line":88,"column":18}},"88":{"start":{"line":89,"column":0},"end":{"line":89,"column":20}},"89":{"start":{"line":90,"column":0},"end":{"line":90,"column":15}},"90":{"start":{"line":91,"column":0},"end":{"line":91,"column":14}},"91":{"start":{"line":92,"column":0},"end":{"line":92,"column":12}},"92":{"start":{"line":93,"column":0},"end":{"line":93,"column":10}},"93":{"start":{"line":94,"column":0},"end":{"line":94,"column":4}},"94":{"start":{"line":95,"column":0},"end":{"line":95,"column":2}},"95":{"start":{"line":96,"column":0},"end":{"line":96,"column":0}},"96":{"start":{"line":97,"column":0},"end":{"line":97,"column":27}}},"s":{"0":1,"1":1,"2":1,"3":1,"4":1,"5":1,"6":1,"7":1,"8":1,"9":1,"10":1,"11":36,"12":36,"13":36,"14":36,"15":36,"16":36,"17":36,"18":36,"19":36,"20":36,"21":36,"22":36,"23":36,"24":36,"25":36,"26":36,"27":36,"28":36,"29":36,"30":36,"31":36,"32":36,"33":36,"34":36,"35":36,"36":36,"37":36,"38":36,"39":36,"40":36,"41":36,"42":36,"43":36,"44":36,"45":36,"46":36,"47":36,"48":54,"49":54,"50":54,"51":54,"52":54,"53":54,"54":54,"55":54,"56":54,"57":54,"58":54,"59":54,"60":54,"61":54,"62":54,"63":36,"64":36,"65":36,"66":36,"67":36,"68":36,"69":36,"70":54,"71":54,"72":54,"73":36,"74":36,"75":36,"76":36,"77":36,"78":35,"79":105,"80":105,"81":105,"82":105,"83":105,"84":105,"85":105,"86":105,"87":105,"88":105,"89":35,"90":36,"91":36,"92":36,"93":36,"94":36,"95":1,"96":1},"branchMap":{"0":{"type":"branch","line":11,"loc":{"start":{"line":11,"column":30},"end":{"line":95,"column":2}},"locations":[{"start":{"line":11,"column":30},"end":{"line":95,"column":2}}]},"1":{"type":"branch","line":78,"loc":{"start":{"line":78,"column":11},"end":{"line":90,"column":15}},"locations":[{"start":{"line":78,"column":11},"end":{"line":90,"column":15}}]},"2":{"type":"branch","line":48,"loc":{"start":{"line":48,"column":33},"end":{"line":63,"column":4}},"locations":[{"start":{"line":48,"column":33},"end":{"line":63,"column":4}}]},"3":{"type":"branch","line":70,"loc":{"start":{"line":70,"column":22},"end":{"line":73,"column":18}},"locations":[{"start":{"line":70,"column":22},"end":{"line":73,"column":18}}]},"4":{"type":"branch","line":79,"loc":{"start":{"line":79,"column":24},"end":{"line":89,"column":20}},"locations":[{"start":{"line":79,"column":24},"end":{"line":89,"column":20}}]}},"b":{"0":[36],"1":[35],"2":[54],"3":[54],"4":[105]},"fnMap":{"0":{"name":"PageBuilder","decl":{"start":{"line":11,"column":30},"end":{"line":95,"column":2}},"loc":{"start":{"line":11,"column":30},"end":{"line":95,"column":2}},"line":11},"1":{"name":"renderSliceComponentV2","decl":{"start":{"line":48,"column":33},"end":{"line":63,"column":4}},"loc":{"start":{"line":48,"column":33},"end":{"line":63,"column":4}},"line":48}},"f":{"0":36,"1":54}}
,"C:\\Users\\sboud\\Desktop\\SLICE COMPONENTS REACT + VITE + TYPESCRIPT\\src\\components\\Slices\\ArticleSlice.tsx": {"path":"C:\\Users\\sboud\\Desktop\\SLICE COMPONENTS REACT + VITE + TYPESCRIPT\\src\\components\\Slices\\ArticleSlice.tsx","all":false,"statementMap":{"0":{"start":{"line":1,"column":0},"end":{"line":1,"column":53}},"1":{"start":{"line":2,"column":0},"end":{"line":2,"column":69}},"2":{"start":{"line":3,"column":0},"end":{"line":3,"column":41}},"3":{"start":{"line":4,"column":0},"end":{"line":4,"column":47}},"4":{"start":{"line":5,"column":0},"end":{"line":5,"column":52}},"5":{"start":{"line":6,"column":0},"end":{"line":6,"column":52}},"6":{"start":{"line":7,"column":0},"end":{"line":7,"column":56}},"7":{"start":{"line":8,"column":0},"end":{"line":8,"column":42}},"8":{"start":{"line":9,"column":0},"end":{"line":9,"column":8}},"9":{"start":{"line":10,"column":0},"end":{"line":10,"column":16}},"10":{"start":{"line":11,"column":0},"end":{"line":11,"column":38}},"11":{"start":{"line":12,"column":0},"end":{"line":12,"column":0}},"12":{"start":{"line":13,"column":0},"end":{"line":13,"column":17}},"13":{"start":{"line":14,"column":0},"end":{"line":14,"column":26}},"14":{"start":{"line":15,"column":0},"end":{"line":15,"column":79}},"15":{"start":{"line":16,"column":0},"end":{"line":16,"column":33}},"16":{"start":{"line":17,"column":0},"end":{"line":17,"column":1}},"17":{"start":{"line":18,"column":0},"end":{"line":18,"column":0}},"18":{"start":{"line":19,"column":0},"end":{"line":19,"column":74}},"19":{"start":{"line":20,"column":0},"end":{"line":20,"column":9}},"20":{"start":{"line":21,"column":0},"end":{"line":21,"column":7}},"21":{"start":{"line":22,"column":0},"end":{"line":22,"column":24}},"22":{"start":{"line":23,"column":0},"end":{"line":23,"column":28}},"23":{"start":{"line":24,"column":0},"end":{"line":24,"column":24}},"24":{"start":{"line":25,"column":0},"end":{"line":25,"column":12}},"25":{"start":{"line":26,"column":0},"end":{"line":26,"column":51}},"26":{"start":{"line":27,"column":0},"end":{"line":27,"column":57}},"27":{"start":{"line":28,"column":0},"end":{"line":28,"column":60}},"28":{"start":{"line":29,"column":0},"end":{"line":29,"column":41}},"29":{"start":{"line":30,"column":0},"end":{"line":30,"column":34}},"30":{"start":{"line":31,"column":0},"end":{"line":31,"column":38}},"31":{"start":{"line":32,"column":0},"end":{"line":32,"column":34}},"32":{"start":{"line":33,"column":0},"end":{"line":33,"column":0}},"33":{"start":{"line":34,"column":0},"end":{"line":34,"column":22}},"34":{"start":{"line":35,"column":0},"end":{"line":35,"column":76}},"35":{"start":{"line":36,"column":0},"end":{"line":36,"column":66}},"36":{"start":{"line":37,"column":0},"end":{"line":37,"column":44}},"37":{"start":{"line":38,"column":0},"end":{"line":38,"column":0}},"38":{"start":{"line":39,"column":0},"end":{"line":39,"column":67}},"39":{"start":{"line":40,"column":0},"end":{"line":40,"column":36}},"40":{"start":{"line":41,"column":0},"end":{"line":41,"column":23}},"41":{"start":{"line":42,"column":0},"end":{"line":42,"column":26}},"42":{"start":{"line":43,"column":0},"end":{"line":43,"column":19}},"43":{"start":{"line":44,"column":0},"end":{"line":44,"column":44}},"44":{"start":{"line":45,"column":0},"end":{"line":45,"column":12}},"45":{"start":{"line":46,"column":0},"end":{"line":46,"column":40}},"46":{"start":{"line":47,"column":0},"end":{"line":47,"column":5}},"47":{"start":{"line":48,"column":0},"end":{"line":48,"column":4}},"48":{"start":{"line":49,"column":0},"end":{"line":49,"column":0}},"49":{"start":{"line":50,"column":0},"end":{"line":50,"column":72}},"50":{"start":{"line":51,"column":0},"end":{"line":51,"column":38}},"51":{"start":{"line":52,"column":0},"end":{"line":52,"column":27}},"52":{"start":{"line":53,"column":0},"end":{"line":53,"column":28}},"53":{"start":{"line":54,"column":0},"end":{"line":54,"column":19}},"54":{"start":{"line":55,"column":0},"end":{"line":55,"column":42}},"55":{"start":{"line":56,"column":0},"end":{"line":56,"column":12}},"56":{"start":{"line":57,"column":0},"end":{"line":57,"column":42}},"57":{"start":{"line":58,"column":0},"end":{"line":58,"column":5}},"58":{"start":{"line":59,"column":0},"end":{"line":59,"column":4}},"59":{"start":{"line":60,"column":0},"end":{"line":60,"column":0}},"60":{"start":{"line":61,"column":0},"end":{"line":61,"column":68}},"61":{"start":{"line":62,"column":0},"end":{"line":62,"column":36}},"62":{"start":{"line":63,"column":0},"end":{"line":63,"column":23}},"63":{"start":{"line":64,"column":0},"end":{"line":64,"column":26}},"64":{"start":{"line":65,"column":0},"end":{"line":65,"column":19}},"65":{"start":{"line":66,"column":0},"end":{"line":66,"column":0}},"66":{"start":{"line":67,"column":0},"end":{"line":67,"column":38}},"67":{"start":{"line":68,"column":0},"end":{"line":68,"column":12}},"68":{"start":{"line":69,"column":0},"end":{"line":69,"column":40}},"69":{"start":{"line":70,"column":0},"end":{"line":70,"column":5}},"70":{"start":{"line":71,"column":0},"end":{"line":71,"column":4}},"71":{"start":{"line":72,"column":0},"end":{"line":72,"column":0}},"72":{"start":{"line":73,"column":0},"end":{"line":73,"column":45}},"73":{"start":{"line":74,"column":0},"end":{"line":74,"column":94}},"74":{"start":{"line":75,"column":0},"end":{"line":75,"column":4}},"75":{"start":{"line":76,"column":0},"end":{"line":76,"column":0}},"76":{"start":{"line":77,"column":0},"end":{"line":77,"column":42}},"77":{"start":{"line":78,"column":0},"end":{"line":78,"column":44}},"78":{"start":{"line":79,"column":0},"end":{"line":79,"column":4}},"79":{"start":{"line":80,"column":0},"end":{"line":80,"column":0}},"80":{"start":{"line":81,"column":0},"end":{"line":81,"column":10}},"81":{"start":{"line":82,"column":0},"end":{"line":82,"column":63}},"82":{"start":{"line":83,"column":0},"end":{"line":83,"column":44}},"83":{"start":{"line":84,"column":0},"end":{"line":84,"column":36}},"84":{"start":{"line":85,"column":0},"end":{"line":85,"column":75}},"85":{"start":{"line":86,"column":0},"end":{"line":86,"column":12}},"86":{"start":{"line":87,"column":0},"end":{"line":87,"column":45}},"87":{"start":{"line":88,"column":0},"end":{"line":88,"column":14}},"88":{"start":{"line":89,"column":0},"end":{"line":89,"column":21}},"89":{"start":{"line":90,"column":0},"end":{"line":90,"column":23}},"90":{"start":{"line":91,"column":0},"end":{"line":91,"column":45}},"91":{"start":{"line":92,"column":0},"end":{"line":92,"column":39}},"92":{"start":{"line":93,"column":0},"end":{"line":93,"column":33}},"93":{"start":{"line":94,"column":0},"end":{"line":94,"column":48}},"94":{"start":{"line":95,"column":0},"end":{"line":95,"column":10}},"95":{"start":{"line":96,"column":0},"end":{"line":96,"column":26}},"96":{"start":{"line":97,"column":0},"end":{"line":97,"column":25}},"97":{"start":{"line":98,"column":0},"end":{"line":98,"column":40}},"98":{"start":{"line":99,"column":0},"end":{"line":99,"column":41}},"99":{"start":{"line":100,"column":0},"end":{"line":100,"column":49}},"100":{"start":{"line":101,"column":0},"end":{"line":101,"column":10}},"101":{"start":{"line":102,"column":0},"end":{"line":102,"column":24}},"102":{"start":{"line":103,"column":0},"end":{"line":103,"column":43}},"103":{"start":{"line":104,"column":0},"end":{"line":104,"column":23}},"104":{"start":{"line":105,"column":0},"end":{"line":105,"column":38}},"105":{"start":{"line":106,"column":0},"end":{"line":106,"column":54}},"106":{"start":{"line":107,"column":0},"end":{"line":107,"column":47}},"107":{"start":{"line":108,"column":0},"end":{"line":108,"column":10}},"108":{"start":{"line":109,"column":0},"end":{"line":109,"column":12}},"109":{"start":{"line":110,"column":0},"end":{"line":110,"column":39}},"110":{"start":{"line":111,"column":0},"end":{"line":111,"column":53}},"111":{"start":{"line":112,"column":0},"end":{"line":112,"column":12}},"112":{"start":{"line":113,"column":0},"end":{"line":113,"column":10}},"113":{"start":{"line":114,"column":0},"end":{"line":114,"column":4}},"114":{"start":{"line":115,"column":0},"end":{"line":115,"column":2}},"115":{"start":{"line":116,"column":0},"end":{"line":116,"column":0}},"116":{"start":{"line":117,"column":0},"end":{"line":117,"column":28}}},"s":{"0":1,"1":1,"2":1,"3":1,"4":1,"5":1,"6":1,"7":1,"8":1,"9":1,"10":1,"11":1,"12":1,"13":1,"14":1,"15":1,"16":1,"17":1,"18":1,"19":20,"20":20,"21":20,"22":20,"23":20,"24":20,"25":20,"26":20,"27":20,"28":20,"29":20,"30":20,"31":20,"32":20,"33":20,"34":20,"35":20,"36":20,"37":20,"38":20,"39":1,"40":1,"41":1,"42":1,"43":1,"44":1,"45":0,"46":0,"47":1,"48":20,"49":20,"50":1,"51":1,"52":1,"53":1,"54":1,"55":1,"56":0,"57":0,"58":1,"59":20,"60":20,"61":2,"62":2,"63":2,"64":1,"65":1,"66":1,"67":1,"68":1,"69":1,"70":2,"71":20,"72":20,"73":19,"74":19,"75":20,"76":20,"77":57,"78":57,"79":20,"80":20,"81":20,"82":20,"83":20,"84":20,"85":20,"86":20,"87":20,"88":20,"89":20,"90":20,"91":20,"92":20,"93":20,"94":20,"95":20,"96":20,"97":20,"98":20,"99":20,"100":20,"101":20,"102":20,"103":20,"104":20,"105":20,"106":20,"107":20,"108":20,"109":20,"110":20,"111":20,"112":20,"113":20,"114":20,"115":1,"116":1},"branchMap":{"0":{"type":"branch","line":19,"loc":{"start":{"line":19,"column":38},"end":{"line":115,"column":2}},"locations":[{"start":{"line":19,"column":38},"end":{"line":115,"column":2}}]},"1":{"type":"branch","line":28,"loc":{"start":{"line":28,"column":37},"end":{"line":28,"column":58}},"locations":[{"start":{"line":28,"column":37},"end":{"line":28,"column":58}}]},"2":{"type":"branch","line":111,"loc":{"start":{"line":111,"column":9},"end":{"line":111,"column":53}},"locations":[{"start":{"line":111,"column":9},"end":{"line":111,"column":53}}]},"3":{"type":"branch","line":39,"loc":{"start":{"line":39,"column":28},"end":{"line":48,"column":4}},"locations":[{"start":{"line":39,"column":28},"end":{"line":48,"column":4}}]},"4":{"type":"branch","line":45,"loc":{"start":{"line":45,"column":4},"end":{"line":47,"column":5}},"locations":[{"start":{"line":45,"column":4},"end":{"line":47,"column":5}}]},"5":{"type":"branch","line":50,"loc":{"start":{"line":50,"column":30},"end":{"line":59,"column":4}},"locations":[{"start":{"line":50,"column":30},"end":{"line":59,"column":4}}]},"6":{"type":"branch","line":56,"loc":{"start":{"line":56,"column":4},"end":{"line":58,"column":5}},"locations":[{"start":{"line":56,"column":4},"end":{"line":58,"column":5}}]},"7":{"type":"branch","line":61,"loc":{"start":{"line":61,"column":28},"end":{"line":71,"column":4}},"locations":[{"start":{"line":61,"column":28},"end":{"line":71,"column":4}}]},"8":{"type":"branch","line":64,"loc":{"start":{"line":64,"column":25},"end":{"line":70,"column":5}},"locations":[{"start":{"line":64,"column":25},"end":{"line":70,"column":5}}]},"9":{"type":"branch","line":73,"loc":{"start":{"line":73,"column":25},"end":{"line":75,"column":4}},"locations":[{"start":{"line":73,"column":25},"end":{"line":75,"column":4}}]},"10":{"type":"branch","line":77,"loc":{"start":{"line":77,"column":22},"end":{"line":79,"column":4}},"locations":[{"start":{"line":77,"column":22},"end":{"line":79,"column":4}}]}},"b":{"0":[20],"1":[18],"2":[1],"3":[1],"4":[0],"5":[1],"6":[0],"7":[2],"8":[1],"9":[19],"10":[57]},"fnMap":{"0":{"name":"ArticleSlice","decl":{"start":{"line":19,"column":38},"end":{"line":115,"column":2}},"loc":{"start":{"line":19,"column":38},"end":{"line":115,"column":2}},"line":19},"1":{"name":"handleTitleChange","decl":{"start":{"line":39,"column":28},"end":{"line":48,"column":4}},"loc":{"start":{"line":39,"column":28},"end":{"line":48,"column":4}},"line":39},"2":{"name":"handleContentChange","decl":{"start":{"line":50,"column":30},"end":{"line":59,"column":4}},"loc":{"start":{"line":50,"column":30},"end":{"line":59,"column":4}},"line":50},"3":{"name":"handleColorChange","decl":{"start":{"line":61,"column":28},"end":{"line":71,"column":4}},"loc":{"start":{"line":61,"column":28},"end":{"line":71,"column":4}},"line":61},"4":{"name":"colorClassName","decl":{"start":{"line":73,"column":25},"end":{"line":75,"column":4}},"loc":{"start":{"line":73,"column":25},"end":{"line":75,"column":4}},"line":73},"5":{"name":"testHandler","decl":{"start":{"line":77,"column":22},"end":{"line":79,"column":4}},"loc":{"start":{"line":77,"column":22},"end":{"line":79,"column":4}},"line":77}},"f":{"0":20,"1":1,"2":1,"3":2,"4":19,"5":57}}
,"C:\\Users\\sboud\\Desktop\\SLICE COMPONENTS REACT + VITE + TYPESCRIPT\\src\\components\\Slices\\HeroSlice.tsx": {"path":"C:\\Users\\sboud\\Desktop\\SLICE COMPONENTS REACT + VITE + TYPESCRIPT\\src\\components\\Slices\\HeroSlice.tsx","all":false,"statementMap":{"0":{"start":{"line":1,"column":0},"end":{"line":1,"column":53}},"1":{"start":{"line":2,"column":0},"end":{"line":2,"column":63}},"2":{"start":{"line":3,"column":0},"end":{"line":3,"column":41}},"3":{"start":{"line":4,"column":0},"end":{"line":4,"column":52}},"4":{"start":{"line":5,"column":0},"end":{"line":5,"column":47}},"5":{"start":{"line":6,"column":0},"end":{"line":6,"column":61}},"6":{"start":{"line":7,"column":0},"end":{"line":7,"column":0}},"7":{"start":{"line":8,"column":0},"end":{"line":8,"column":17}},"8":{"start":{"line":9,"column":0},"end":{"line":9,"column":23}},"9":{"start":{"line":10,"column":0},"end":{"line":10,"column":76}},"10":{"start":{"line":11,"column":0},"end":{"line":11,"column":33}},"11":{"start":{"line":12,"column":0},"end":{"line":12,"column":1}},"12":{"start":{"line":13,"column":0},"end":{"line":13,"column":0}},"13":{"start":{"line":14,"column":0},"end":{"line":14,"column":71}},"14":{"start":{"line":15,"column":0},"end":{"line":15,"column":62}},"15":{"start":{"line":16,"column":0},"end":{"line":16,"column":51}},"16":{"start":{"line":17,"column":0},"end":{"line":17,"column":55}},"17":{"start":{"line":18,"column":0},"end":{"line":18,"column":41}},"18":{"start":{"line":19,"column":0},"end":{"line":19,"column":0}},"19":{"start":{"line":20,"column":0},"end":{"line":20,"column":32}},"20":{"start":{"line":21,"column":0},"end":{"line":21,"column":38}},"21":{"start":{"line":22,"column":0},"end":{"line":22,"column":0}},"22":{"start":{"line":23,"column":0},"end":{"line":23,"column":22}},"23":{"start":{"line":24,"column":0},"end":{"line":24,"column":69}},"24":{"start":{"line":25,"column":0},"end":{"line":25,"column":72}},"25":{"start":{"line":26,"column":0},"end":{"line":26,"column":34}},"26":{"start":{"line":27,"column":0},"end":{"line":27,"column":0}},"27":{"start":{"line":28,"column":0},"end":{"line":28,"column":67}},"28":{"start":{"line":29,"column":0},"end":{"line":29,"column":36}},"29":{"start":{"line":30,"column":0},"end":{"line":30,"column":23}},"30":{"start":{"line":31,"column":0},"end":{"line":31,"column":26}},"31":{"start":{"line":32,"column":0},"end":{"line":32,"column":19}},"32":{"start":{"line":33,"column":0},"end":{"line":33,"column":44}},"33":{"start":{"line":34,"column":0},"end":{"line":34,"column":12}},"34":{"start":{"line":35,"column":0},"end":{"line":35,"column":40}},"35":{"start":{"line":36,"column":0},"end":{"line":36,"column":5}},"36":{"start":{"line":37,"column":0},"end":{"line":37,"column":4}},"37":{"start":{"line":38,"column":0},"end":{"line":38,"column":0}},"38":{"start":{"line":39,"column":0},"end":{"line":39,"column":70}},"39":{"start":{"line":40,"column":0},"end":{"line":40,"column":39}},"40":{"start":{"line":41,"column":0},"end":{"line":41,"column":29}},"41":{"start":{"line":42,"column":0},"end":{"line":42,"column":29}},"42":{"start":{"line":43,"column":0},"end":{"line":43,"column":19}},"43":{"start":{"line":44,"column":0},"end":{"line":44,"column":50}},"44":{"start":{"line":45,"column":0},"end":{"line":45,"column":12}},"45":{"start":{"line":46,"column":0},"end":{"line":46,"column":43}},"46":{"start":{"line":47,"column":0},"end":{"line":47,"column":5}},"47":{"start":{"line":48,"column":0},"end":{"line":48,"column":4}},"48":{"start":{"line":49,"column":0},"end":{"line":49,"column":0}},"49":{"start":{"line":50,"column":0},"end":{"line":50,"column":42}},"50":{"start":{"line":51,"column":0},"end":{"line":51,"column":44}},"51":{"start":{"line":52,"column":0},"end":{"line":52,"column":4}},"52":{"start":{"line":53,"column":0},"end":{"line":53,"column":0}},"53":{"start":{"line":54,"column":0},"end":{"line":54,"column":10}},"54":{"start":{"line":55,"column":0},"end":{"line":55,"column":32}},"55":{"start":{"line":56,"column":0},"end":{"line":56,"column":41}},"56":{"start":{"line":57,"column":0},"end":{"line":57,"column":33}},"57":{"start":{"line":58,"column":0},"end":{"line":58,"column":75}},"58":{"start":{"line":59,"column":0},"end":{"line":59,"column":12}},"59":{"start":{"line":60,"column":0},"end":{"line":60,"column":42}},"60":{"start":{"line":61,"column":0},"end":{"line":61,"column":14}},"61":{"start":{"line":62,"column":0},"end":{"line":62,"column":21}},"62":{"start":{"line":63,"column":0},"end":{"line":63,"column":23}},"63":{"start":{"line":64,"column":0},"end":{"line":64,"column":45}},"64":{"start":{"line":65,"column":0},"end":{"line":65,"column":39}},"65":{"start":{"line":66,"column":0},"end":{"line":66,"column":33}},"66":{"start":{"line":67,"column":0},"end":{"line":67,"column":23}},"67":{"start":{"line":68,"column":0},"end":{"line":68,"column":47}},"68":{"start":{"line":69,"column":0},"end":{"line":69,"column":10}},"69":{"start":{"line":70,"column":0},"end":{"line":70,"column":14}},"70":{"start":{"line":71,"column":0},"end":{"line":71,"column":21}},"71":{"start":{"line":72,"column":0},"end":{"line":72,"column":26}},"72":{"start":{"line":73,"column":0},"end":{"line":73,"column":48}},"73":{"start":{"line":74,"column":0},"end":{"line":74,"column":32}},"74":{"start":{"line":75,"column":0},"end":{"line":75,"column":26}},"75":{"start":{"line":76,"column":0},"end":{"line":76,"column":42}},"76":{"start":{"line":77,"column":0},"end":{"line":77,"column":10}},"77":{"start":{"line":78,"column":0},"end":{"line":78,"column":12}},"78":{"start":{"line":79,"column":0},"end":{"line":79,"column":39}},"79":{"start":{"line":80,"column":0},"end":{"line":80,"column":53}},"80":{"start":{"line":81,"column":0},"end":{"line":81,"column":12}},"81":{"start":{"line":82,"column":0},"end":{"line":82,"column":10}},"82":{"start":{"line":83,"column":0},"end":{"line":83,"column":4}},"83":{"start":{"line":84,"column":0},"end":{"line":84,"column":2}},"84":{"start":{"line":85,"column":0},"end":{"line":85,"column":0}},"85":{"start":{"line":86,"column":0},"end":{"line":86,"column":25}}},"s":{"0":1,"1":1,"2":1,"3":1,"4":1,"5":1,"6":1,"7":1,"8":1,"9":1,"10":1,"11":1,"12":1,"13":1,"14":22,"15":22,"16":22,"17":22,"18":22,"19":22,"20":22,"21":22,"22":22,"23":22,"24":22,"25":22,"26":22,"27":22,"28":1,"29":1,"30":1,"31":1,"32":1,"33":1,"34":0,"35":0,"36":1,"37":22,"38":22,"39":1,"40":1,"41":1,"42":1,"43":1,"44":1,"45":0,"46":0,"47":1,"48":22,"49":22,"50":44,"51":44,"52":22,"53":22,"54":22,"55":22,"56":22,"57":22,"58":22,"59":22,"60":22,"61":22,"62":22,"63":22,"64":22,"65":22,"66":22,"67":22,"68":22,"69":22,"70":22,"71":22,"72":22,"73":22,"74":22,"75":22,"76":22,"77":22,"78":22,"79":22,"80":22,"81":22,"82":22,"83":22,"84":1,"85":1},"branchMap":{"0":{"type":"branch","line":14,"loc":{"start":{"line":14,"column":35},"end":{"line":84,"column":2}},"locations":[{"start":{"line":14,"column":35},"end":{"line":84,"column":2}}]},"1":{"type":"branch","line":80,"loc":{"start":{"line":80,"column":9},"end":{"line":80,"column":53}},"locations":[{"start":{"line":80,"column":9},"end":{"line":80,"column":53}}]},"2":{"type":"branch","line":28,"loc":{"start":{"line":28,"column":28},"end":{"line":37,"column":4}},"locations":[{"start":{"line":28,"column":28},"end":{"line":37,"column":4}}]},"3":{"type":"branch","line":34,"loc":{"start":{"line":34,"column":4},"end":{"line":36,"column":5}},"locations":[{"start":{"line":34,"column":4},"end":{"line":36,"column":5}}]},"4":{"type":"branch","line":39,"loc":{"start":{"line":39,"column":31},"end":{"line":48,"column":4}},"locations":[{"start":{"line":39,"column":31},"end":{"line":48,"column":4}}]},"5":{"type":"branch","line":45,"loc":{"start":{"line":45,"column":4},"end":{"line":47,"column":5}},"locations":[{"start":{"line":45,"column":4},"end":{"line":47,"column":5}}]},"6":{"type":"branch","line":50,"loc":{"start":{"line":50,"column":22},"end":{"line":52,"column":4}},"locations":[{"start":{"line":50,"column":22},"end":{"line":52,"column":4}}]}},"b":{"0":[22],"1":[0],"2":[1],"3":[0],"4":[1],"5":[0],"6":[44]},"fnMap":{"0":{"name":"HeroSlice","decl":{"start":{"line":14,"column":35},"end":{"line":84,"column":2}},"loc":{"start":{"line":14,"column":35},"end":{"line":84,"column":2}},"line":14},"1":{"name":"handleTitleChange","decl":{"start":{"line":28,"column":28},"end":{"line":37,"column":4}},"loc":{"start":{"line":28,"column":28},"end":{"line":37,"column":4}},"line":28},"2":{"name":"handleSubtitleChange","decl":{"start":{"line":39,"column":31},"end":{"line":48,"column":4}},"loc":{"start":{"line":39,"column":31},"end":{"line":48,"column":4}},"line":39},"3":{"name":"testHandler","decl":{"start":{"line":50,"column":22},"end":{"line":52,"column":4}},"loc":{"start":{"line":50,"column":22},"end":{"line":52,"column":4}},"line":50}},"f":{"0":22,"1":1,"2":1,"3":44}}
,"C:\\Users\\sboud\\Desktop\\SLICE COMPONENTS REACT + VITE + TYPESCRIPT\\src\\components\\Slices\\PriceSlice.tsx": {"path":"C:\\Users\\sboud\\Desktop\\SLICE COMPONENTS REACT + VITE + TYPESCRIPT\\src\\components\\Slices\\PriceSlice.tsx","all":false,"statementMap":{"0":{"start":{"line":1,"column":0},"end":{"line":1,"column":17}},"1":{"start":{"line":2,"column":0},"end":{"line":2,"column":53}},"2":{"start":{"line":3,"column":0},"end":{"line":3,"column":65}},"3":{"start":{"line":4,"column":0},"end":{"line":4,"column":41}},"4":{"start":{"line":5,"column":0},"end":{"line":5,"column":52}},"5":{"start":{"line":6,"column":0},"end":{"line":6,"column":47}},"6":{"start":{"line":7,"column":0},"end":{"line":7,"column":61}},"7":{"start":{"line":8,"column":0},"end":{"line":8,"column":0}},"8":{"start":{"line":9,"column":0},"end":{"line":9,"column":17}},"9":{"start":{"line":10,"column":0},"end":{"line":10,"column":24}},"10":{"start":{"line":11,"column":0},"end":{"line":11,"column":13}},"11":{"start":{"line":12,"column":0},"end":{"line":12,"column":15}},"12":{"start":{"line":13,"column":0},"end":{"line":13,"column":32}},"13":{"start":{"line":14,"column":0},"end":{"line":14,"column":26}},"14":{"start":{"line":15,"column":0},"end":{"line":15,"column":12}},"15":{"start":{"line":16,"column":0},"end":{"line":16,"column":33}},"16":{"start":{"line":17,"column":0},"end":{"line":17,"column":1}},"17":{"start":{"line":18,"column":0},"end":{"line":18,"column":0}},"18":{"start":{"line":19,"column":0},"end":{"line":19,"column":72}},"19":{"start":{"line":20,"column":0},"end":{"line":20,"column":61}},"20":{"start":{"line":21,"column":0},"end":{"line":21,"column":0}},"21":{"start":{"line":22,"column":0},"end":{"line":22,"column":51}},"22":{"start":{"line":23,"column":0},"end":{"line":23,"column":51}},"23":{"start":{"line":24,"column":0},"end":{"line":24,"column":41}},"24":{"start":{"line":25,"column":0},"end":{"line":25,"column":0}},"25":{"start":{"line":26,"column":0},"end":{"line":26,"column":22}},"26":{"start":{"line":27,"column":0},"end":{"line":27,"column":66}},"27":{"start":{"line":28,"column":0},"end":{"line":28,"column":72}},"28":{"start":{"line":29,"column":0},"end":{"line":29,"column":31}},"29":{"start":{"line":30,"column":0},"end":{"line":30,"column":0}},"30":{"start":{"line":31,"column":0},"end":{"line":31,"column":67}},"31":{"start":{"line":32,"column":0},"end":{"line":32,"column":36}},"32":{"start":{"line":33,"column":0},"end":{"line":33,"column":23}},"33":{"start":{"line":34,"column":0},"end":{"line":34,"column":26}},"34":{"start":{"line":35,"column":0},"end":{"line":35,"column":19}},"35":{"start":{"line":36,"column":0},"end":{"line":36,"column":44}},"36":{"start":{"line":37,"column":0},"end":{"line":37,"column":12}},"37":{"start":{"line":38,"column":0},"end":{"line":38,"column":40}},"38":{"start":{"line":39,"column":0},"end":{"line":39,"column":5}},"39":{"start":{"line":40,"column":0},"end":{"line":40,"column":4}},"40":{"start":{"line":41,"column":0},"end":{"line":41,"column":0}},"41":{"start":{"line":42,"column":0},"end":{"line":42,"column":73}},"42":{"start":{"line":43,"column":0},"end":{"line":43,"column":44}},"43":{"start":{"line":44,"column":0},"end":{"line":44,"column":42}},"44":{"start":{"line":45,"column":0},"end":{"line":45,"column":12}},"45":{"start":{"line":46,"column":0},"end":{"line":46,"column":50}},"46":{"start":{"line":47,"column":0},"end":{"line":47,"column":33}},"47":{"start":{"line":48,"column":0},"end":{"line":48,"column":25}},"48":{"start":{"line":49,"column":0},"end":{"line":49,"column":64}},"49":{"start":{"line":50,"column":0},"end":{"line":50,"column":21}},"50":{"start":{"line":51,"column":0},"end":{"line":51,"column":46}},"51":{"start":{"line":52,"column":0},"end":{"line":52,"column":7}},"52":{"start":{"line":53,"column":0},"end":{"line":53,"column":5}},"53":{"start":{"line":54,"column":0},"end":{"line":54,"column":4}},"54":{"start":{"line":55,"column":0},"end":{"line":55,"column":0}},"55":{"start":{"line":56,"column":0},"end":{"line":56,"column":42}},"56":{"start":{"line":57,"column":0},"end":{"line":57,"column":44}},"57":{"start":{"line":58,"column":0},"end":{"line":58,"column":4}},"58":{"start":{"line":59,"column":0},"end":{"line":59,"column":0}},"59":{"start":{"line":60,"column":0},"end":{"line":60,"column":10}},"60":{"start":{"line":61,"column":0},"end":{"line":61,"column":33}},"61":{"start":{"line":62,"column":0},"end":{"line":62,"column":42}},"62":{"start":{"line":63,"column":0},"end":{"line":63,"column":34}},"63":{"start":{"line":64,"column":0},"end":{"line":64,"column":75}},"64":{"start":{"line":65,"column":0},"end":{"line":65,"column":12}},"65":{"start":{"line":66,"column":0},"end":{"line":66,"column":43}},"66":{"start":{"line":67,"column":0},"end":{"line":67,"column":14}},"67":{"start":{"line":68,"column":0},"end":{"line":68,"column":21}},"68":{"start":{"line":69,"column":0},"end":{"line":69,"column":23}},"69":{"start":{"line":70,"column":0},"end":{"line":70,"column":45}},"70":{"start":{"line":71,"column":0},"end":{"line":71,"column":34}},"71":{"start":{"line":72,"column":0},"end":{"line":72,"column":23}},"72":{"start":{"line":73,"column":0},"end":{"line":73,"column":39}},"73":{"start":{"line":74,"column":0},"end":{"line":74,"column":10}},"74":{"start":{"line":75,"column":0},"end":{"line":75,"column":14}},"75":{"start":{"line":76,"column":0},"end":{"line":76,"column":23}},"76":{"start":{"line":77,"column":0},"end":{"line":77,"column":23}},"77":{"start":{"line":78,"column":0},"end":{"line":78,"column":18}},"78":{"start":{"line":79,"column":0},"end":{"line":79,"column":45}},"79":{"start":{"line":80,"column":0},"end":{"line":80,"column":25}},"80":{"start":{"line":81,"column":0},"end":{"line":81,"column":23}},"81":{"start":{"line":82,"column":0},"end":{"line":82,"column":39}},"82":{"start":{"line":83,"column":0},"end":{"line":83,"column":10}},"83":{"start":{"line":84,"column":0},"end":{"line":84,"column":12}},"84":{"start":{"line":85,"column":0},"end":{"line":85,"column":39}},"85":{"start":{"line":86,"column":0},"end":{"line":86,"column":53}},"86":{"start":{"line":87,"column":0},"end":{"line":87,"column":12}},"87":{"start":{"line":88,"column":0},"end":{"line":88,"column":10}},"88":{"start":{"line":89,"column":0},"end":{"line":89,"column":4}},"89":{"start":{"line":90,"column":0},"end":{"line":90,"column":2}},"90":{"start":{"line":91,"column":0},"end":{"line":91,"column":0}},"91":{"start":{"line":92,"column":0},"end":{"line":92,"column":26}}},"s":{"0":1,"1":1,"2":1,"3":1,"4":1,"5":1,"6":1,"7":1,"8":1,"9":1,"10":1,"11":1,"12":1,"13":1,"14":1,"15":1,"16":1,"17":1,"18":1,"19":14,"20":14,"21":14,"22":14,"23":14,"24":14,"25":14,"26":14,"27":14,"28":14,"29":14,"30":14,"31":1,"32":1,"33":1,"34":1,"35":1,"36":1,"37":0,"38":0,"39":1,"40":14,"41":14,"42":1,"43":0,"44":1,"45":1,"46":1,"47":1,"48":1,"49":1,"50":1,"51":1,"52":1,"53":1,"54":14,"55":14,"56":28,"57":28,"58":14,"59":14,"60":14,"61":14,"62":14,"63":14,"64":14,"65":14,"66":14,"67":14,"68":14,"69":14,"70":14,"71":14,"72":14,"73":14,"74":14,"75":14,"76":14,"77":14,"78":14,"79":14,"80":14,"81":14,"82":14,"83":14,"84":14,"85":14,"86":14,"87":14,"88":14,"89":14,"90":1,"91":1},"branchMap":{"0":{"type":"branch","line":19,"loc":{"start":{"line":19,"column":36},"end":{"line":90,"column":2}},"locations":[{"start":{"line":19,"column":36},"end":{"line":90,"column":2}}]},"1":{"type":"branch","line":86,"loc":{"start":{"line":86,"column":9},"end":{"line":86,"column":53}},"locations":[{"start":{"line":86,"column":9},"end":{"line":86,"column":53}}]},"2":{"type":"branch","line":31,"loc":{"start":{"line":31,"column":28},"end":{"line":40,"column":4}},"locations":[{"start":{"line":31,"column":28},"end":{"line":40,"column":4}}]},"3":{"type":"branch","line":37,"loc":{"start":{"line":37,"column":4},"end":{"line":39,"column":5}},"locations":[{"start":{"line":37,"column":4},"end":{"line":39,"column":5}}]},"4":{"type":"branch","line":42,"loc":{"start":{"line":42,"column":28},"end":{"line":54,"column":4}},"locations":[{"start":{"line":42,"column":28},"end":{"line":54,"column":4}}]},"5":{"type":"branch","line":43,"loc":{"start":{"line":43,"column":43},"end":{"line":45,"column":11}},"locations":[{"start":{"line":43,"column":43},"end":{"line":45,"column":11}}]},"6":{"type":"branch","line":56,"loc":{"start":{"line":56,"column":22},"end":{"line":58,"column":4}},"locations":[{"start":{"line":56,"column":22},"end":{"line":58,"column":4}}]}},"b":{"0":[14],"1":[0],"2":[1],"3":[0],"4":[1],"5":[0],"6":[28]},"fnMap":{"0":{"name":"PriceSlice","decl":{"start":{"line":19,"column":36},"end":{"line":90,"column":2}},"loc":{"start":{"line":19,"column":36},"end":{"line":90,"column":2}},"line":19},"1":{"name":"handleTitleChange","decl":{"start":{"line":31,"column":28},"end":{"line":40,"column":4}},"loc":{"start":{"line":31,"column":28},"end":{"line":40,"column":4}},"line":31},"2":{"name":"handlePriceChange","decl":{"start":{"line":42,"column":28},"end":{"line":54,"column":4}},"loc":{"start":{"line":42,"column":28},"end":{"line":54,"column":4}},"line":42},"3":{"name":"testHandler","decl":{"start":{"line":56,"column":22},"end":{"line":58,"column":4}},"loc":{"start":{"line":56,"column":22},"end":{"line":58,"column":4}},"line":56}},"f":{"0":14,"1":1,"2":1,"3":28}}
,"C:\\Users\\sboud\\Desktop\\SLICE COMPONENTS REACT + VITE + TYPESCRIPT\\src\\components\\UI\\ButtonComponent.tsx": {"path":"C:\\Users\\sboud\\Desktop\\SLICE COMPONENTS REACT + VITE + TYPESCRIPT\\src\\components\\UI\\ButtonComponent.tsx","all":false,"statementMap":{"0":{"start":{"line":1,"column":0},"end":{"line":1,"column":26}},"1":{"start":{"line":2,"column":0},"end":{"line":2,"column":53}},"2":{"start":{"line":3,"column":0},"end":{"line":3,"column":0}},"3":{"start":{"line":4,"column":0},"end":{"line":4,"column":23}},"4":{"start":{"line":5,"column":0},"end":{"line":5,"column":15}},"5":{"start":{"line":6,"column":0},"end":{"line":6,"column":20}},"6":{"start":{"line":7,"column":0},"end":{"line":7,"column":40}},"7":{"start":{"line":8,"column":0},"end":{"line":8,"column":34}},"8":{"start":{"line":9,"column":0},"end":{"line":9,"column":16}},"9":{"start":{"line":10,"column":0},"end":{"line":10,"column":14}},"10":{"start":{"line":11,"column":0},"end":{"line":11,"column":15}},"11":{"start":{"line":12,"column":0},"end":{"line":12,"column":21}},"12":{"start":{"line":13,"column":0},"end":{"line":13,"column":1}},"13":{"start":{"line":14,"column":0},"end":{"line":14,"column":0}},"14":{"start":{"line":15,"column":0},"end":{"line":15,"column":49}},"15":{"start":{"line":16,"column":0},"end":{"line":16,"column":7}},"16":{"start":{"line":17,"column":0},"end":{"line":17,"column":8}},"17":{"start":{"line":18,"column":0},"end":{"line":18,"column":11}},"18":{"start":{"line":19,"column":0},"end":{"line":19,"column":8}},"19":{"start":{"line":20,"column":0},"end":{"line":20,"column":7}},"20":{"start":{"line":21,"column":0},"end":{"line":21,"column":5}},"21":{"start":{"line":22,"column":0},"end":{"line":22,"column":6}},"22":{"start":{"line":23,"column":0},"end":{"line":23,"column":12}},"23":{"start":{"line":24,"column":0},"end":{"line":24,"column":7}},"24":{"start":{"line":25,"column":0},"end":{"line":25,"column":96}},"25":{"start":{"line":26,"column":0},"end":{"line":26,"column":27}},"26":{"start":{"line":27,"column":0},"end":{"line":27,"column":25}},"27":{"start":{"line":28,"column":0},"end":{"line":28,"column":19}},"28":{"start":{"line":29,"column":0},"end":{"line":29,"column":5}},"29":{"start":{"line":30,"column":0},"end":{"line":30,"column":4}},"30":{"start":{"line":31,"column":0},"end":{"line":31,"column":0}},"31":{"start":{"line":32,"column":0},"end":{"line":32,"column":30}},"32":{"start":{"line":33,"column":0},"end":{"line":33,"column":25}},"33":{"start":{"line":34,"column":0},"end":{"line":34,"column":19}},"34":{"start":{"line":35,"column":0},"end":{"line":35,"column":5}},"35":{"start":{"line":36,"column":0},"end":{"line":36,"column":4}},"36":{"start":{"line":37,"column":0},"end":{"line":37,"column":30}},"37":{"start":{"line":38,"column":0},"end":{"line":38,"column":19}},"38":{"start":{"line":39,"column":0},"end":{"line":39,"column":20}},"39":{"start":{"line":40,"column":0},"end":{"line":40,"column":98}},"40":{"start":{"line":41,"column":0},"end":{"line":41,"column":17}},"41":{"start":{"line":42,"column":0},"end":{"line":42,"column":16}},"42":{"start":{"line":43,"column":0},"end":{"line":43,"column":12}},"43":{"start":{"line":44,"column":0},"end":{"line":44,"column":89}},"44":{"start":{"line":45,"column":0},"end":{"line":45,"column":31}},"45":{"start":{"line":46,"column":0},"end":{"line":46,"column":21}},"46":{"start":{"line":47,"column":0},"end":{"line":47,"column":25}},"47":{"start":{"line":48,"column":0},"end":{"line":48,"column":13}},"48":{"start":{"line":49,"column":0},"end":{"line":49,"column":10}},"49":{"start":{"line":50,"column":0},"end":{"line":50,"column":14}},"50":{"start":{"line":51,"column":0},"end":{"line":51,"column":20}},"51":{"start":{"line":52,"column":0},"end":{"line":52,"column":5}},"52":{"start":{"line":53,"column":0},"end":{"line":53,"column":4}},"53":{"start":{"line":54,"column":0},"end":{"line":54,"column":0}},"54":{"start":{"line":55,"column":0},"end":{"line":55,"column":31}},"55":{"start":{"line":56,"column":0},"end":{"line":56,"column":2}},"56":{"start":{"line":57,"column":0},"end":{"line":57,"column":0}},"57":{"start":{"line":58,"column":0},"end":{"line":58,"column":31}}},"s":{"0":1,"1":1,"2":1,"3":1,"4":1,"5":1,"6":1,"7":1,"8":1,"9":1,"10":1,"11":1,"12":1,"13":1,"14":1,"15":160,"16":160,"17":160,"18":160,"19":160,"20":160,"21":160,"22":160,"23":160,"24":160,"25":160,"26":15,"27":15,"28":15,"29":15,"30":160,"31":160,"32":3,"33":3,"34":3,"35":3,"36":160,"37":160,"38":160,"39":55,"40":160,"41":105,"42":105,"43":105,"44":105,"45":105,"46":105,"47":105,"48":160,"49":160,"50":0,"51":160,"52":160,"53":160,"54":160,"55":160,"56":1,"57":1},"branchMap":{"0":{"type":"branch","line":15,"loc":{"start":{"line":15,"column":47},"end":{"line":56,"column":2}},"locations":[{"start":{"line":15,"column":47},"end":{"line":56,"column":2}}]},"1":{"type":"branch","line":26,"loc":{"start":{"line":26,"column":20},"end":{"line":30,"column":4}},"locations":[{"start":{"line":26,"column":20},"end":{"line":30,"column":4}}]},"2":{"type":"branch","line":32,"loc":{"start":{"line":32,"column":23},"end":{"line":36,"column":4}},"locations":[{"start":{"line":32,"column":23},"end":{"line":36,"column":4}}]},"3":{"type":"branch","line":37,"loc":{"start":{"line":37,"column":23},"end":{"line":53,"column":4}},"locations":[{"start":{"line":37,"column":23},"end":{"line":53,"column":4}}]},"4":{"type":"branch","line":39,"loc":{"start":{"line":39,"column":6},"end":{"line":40,"column":98}},"locations":[{"start":{"line":39,"column":6},"end":{"line":40,"column":98}}]},"5":{"type":"branch","line":41,"loc":{"start":{"line":41,"column":6},"end":{"line":48,"column":13}},"locations":[{"start":{"line":41,"column":6},"end":{"line":48,"column":13}}]},"6":{"type":"branch","line":50,"loc":{"start":{"line":50,"column":6},"end":{"line":51,"column":20}},"locations":[{"start":{"line":50,"column":6},"end":{"line":51,"column":20}}]},"7":{"type":"branch","line":40,"loc":{"start":{"line":40,"column":60},"end":{"line":40,"column":82}},"locations":[{"start":{"line":40,"column":60},"end":{"line":40,"column":82}}]},"8":{"type":"branch","line":44,"loc":{"start":{"line":44,"column":48},"end":{"line":44,"column":67}},"locations":[{"start":{"line":44,"column":48},"end":{"line":44,"column":67}}]}},"b":{"0":[160],"1":[15],"2":[3],"3":[160],"4":[55],"5":[105],"6":[0],"7":[3],"8":[15]},"fnMap":{"0":{"name":"ButtonComponent","decl":{"start":{"line":15,"column":47},"end":{"line":56,"column":2}},"loc":{"start":{"line":15,"column":47},"end":{"line":56,"column":2}},"line":15},"1":{"name":"handleAdd","decl":{"start":{"line":26,"column":20},"end":{"line":30,"column":4}},"loc":{"start":{"line":26,"column":20},"end":{"line":30,"column":4}},"line":26},"2":{"name":"handleRemove","decl":{"start":{"line":32,"column":23},"end":{"line":36,"column":4}},"loc":{"start":{"line":32,"column":23},"end":{"line":36,"column":4}},"line":32},"3":{"name":"renderButton","decl":{"start":{"line":37,"column":23},"end":{"line":53,"column":4}},"loc":{"start":{"line":37,"column":23},"end":{"line":53,"column":4}},"line":37},"4":{"name":"onClick","decl":{"start":{"line":40,"column":60},"end":{"line":40,"column":82}},"loc":{"start":{"line":40,"column":60},"end":{"line":40,"column":82}},"line":40},"5":{"name":"onClick","decl":{"start":{"line":44,"column":48},"end":{"line":44,"column":67}},"loc":{"start":{"line":44,"column":48},"end":{"line":44,"column":67}},"line":44}},"f":{"0":160,"1":15,"2":3,"3":160,"4":3,"5":15}}
,"C:\\Users\\sboud\\Desktop\\SLICE COMPONENTS REACT + VITE + TYPESCRIPT\\src\\components\\UI\\InputComponent.tsx": {"path":"C:\\Users\\sboud\\Desktop\\SLICE COMPONENTS REACT + VITE + TYPESCRIPT\\src\\components\\UI\\InputComponent.tsx","all":false,"statementMap":{"0":{"start":{"line":1,"column":0},"end":{"line":1,"column":26}},"1":{"start":{"line":2,"column":0},"end":{"line":2,"column":0}},"2":{"start":{"line":3,"column":0},"end":{"line":3,"column":22}},"3":{"start":{"line":4,"column":0},"end":{"line":4,"column":15}},"4":{"start":{"line":5,"column":0},"end":{"line":5,"column":25}},"5":{"start":{"line":6,"column":0},"end":{"line":6,"column":68}},"6":{"start":{"line":7,"column":0},"end":{"line":7,"column":22}},"7":{"start":{"line":8,"column":0},"end":{"line":8,"column":15}},"8":{"start":{"line":9,"column":0},"end":{"line":9,"column":15}},"9":{"start":{"line":10,"column":0},"end":{"line":10,"column":16}},"10":{"start":{"line":11,"column":0},"end":{"line":11,"column":17}},"11":{"start":{"line":12,"column":0},"end":{"line":12,"column":17}},"12":{"start":{"line":13,"column":0},"end":{"line":13,"column":1}},"13":{"start":{"line":14,"column":0},"end":{"line":14,"column":0}},"14":{"start":{"line":15,"column":0},"end":{"line":15,"column":38}},"15":{"start":{"line":16,"column":0},"end":{"line":16,"column":8}},"16":{"start":{"line":17,"column":0},"end":{"line":17,"column":7}},"17":{"start":{"line":18,"column":0},"end":{"line":18,"column":8}},"18":{"start":{"line":19,"column":0},"end":{"line":19,"column":18}},"19":{"start":{"line":20,"column":0},"end":{"line":20,"column":14}},"20":{"start":{"line":21,"column":0},"end":{"line":21,"column":6}},"21":{"start":{"line":22,"column":0},"end":{"line":22,"column":6}},"22":{"start":{"line":23,"column":0},"end":{"line":23,"column":8}},"23":{"start":{"line":24,"column":0},"end":{"line":24,"column":7}},"24":{"start":{"line":25,"column":0},"end":{"line":25,"column":29}},"25":{"start":{"line":26,"column":0},"end":{"line":26,"column":28}},"26":{"start":{"line":27,"column":0},"end":{"line":27,"column":14}},"27":{"start":{"line":28,"column":0},"end":{"line":28,"column":14}},"28":{"start":{"line":29,"column":0},"end":{"line":29,"column":21}},"29":{"start":{"line":30,"column":0},"end":{"line":30,"column":23}},"30":{"start":{"line":31,"column":0},"end":{"line":31,"column":36}},"31":{"start":{"line":32,"column":0},"end":{"line":32,"column":35}},"32":{"start":{"line":33,"column":0},"end":{"line":33,"column":29}},"33":{"start":{"line":34,"column":0},"end":{"line":34,"column":31}},"34":{"start":{"line":35,"column":0},"end":{"line":35,"column":30}},"35":{"start":{"line":36,"column":0},"end":{"line":36,"column":10}},"36":{"start":{"line":37,"column":0},"end":{"line":37,"column":8}},"37":{"start":{"line":38,"column":0},"end":{"line":38,"column":12}},"38":{"start":{"line":39,"column":0},"end":{"line":39,"column":14}},"39":{"start":{"line":40,"column":0},"end":{"line":40,"column":14}},"40":{"start":{"line":41,"column":0},"end":{"line":41,"column":21}},"41":{"start":{"line":42,"column":0},"end":{"line":42,"column":23}},"42":{"start":{"line":43,"column":0},"end":{"line":43,"column":36}},"43":{"start":{"line":44,"column":0},"end":{"line":44,"column":35}},"44":{"start":{"line":45,"column":0},"end":{"line":45,"column":30}},"45":{"start":{"line":46,"column":0},"end":{"line":46,"column":10}},"46":{"start":{"line":47,"column":0},"end":{"line":47,"column":8}},"47":{"start":{"line":48,"column":0},"end":{"line":48,"column":5}},"48":{"start":{"line":49,"column":0},"end":{"line":49,"column":4}},"49":{"start":{"line":50,"column":0},"end":{"line":50,"column":0}},"50":{"start":{"line":51,"column":0},"end":{"line":51,"column":10}},"51":{"start":{"line":52,"column":0},"end":{"line":52,"column":6}},"52":{"start":{"line":53,"column":0},"end":{"line":53,"column":41}},"53":{"start":{"line":54,"column":0},"end":{"line":54,"column":54}},"54":{"start":{"line":55,"column":0},"end":{"line":55,"column":17}},"55":{"start":{"line":56,"column":0},"end":{"line":56,"column":21}},"56":{"start":{"line":57,"column":0},"end":{"line":57,"column":59}},"57":{"start":{"line":58,"column":0},"end":{"line":58,"column":7}},"58":{"start":{"line":59,"column":0},"end":{"line":59,"column":4}},"59":{"start":{"line":60,"column":0},"end":{"line":60,"column":2}},"60":{"start":{"line":61,"column":0},"end":{"line":61,"column":0}},"61":{"start":{"line":62,"column":0},"end":{"line":62,"column":21}}},"s":{"0":1,"1":1,"2":1,"3":1,"4":1,"5":1,"6":1,"7":1,"8":1,"9":1,"10":1,"11":1,"12":1,"13":1,"14":1,"15":92,"16":92,"17":92,"18":92,"19":92,"20":92,"21":92,"22":92,"23":92,"24":92,"25":91,"26":14,"27":14,"28":14,"29":14,"30":14,"31":14,"32":14,"33":14,"34":14,"35":14,"36":14,"37":91,"38":77,"39":77,"40":77,"41":77,"42":77,"43":77,"44":77,"45":77,"46":77,"47":77,"48":91,"49":92,"50":92,"51":92,"52":92,"53":92,"54":92,"55":92,"56":92,"57":92,"58":92,"59":92,"60":1,"61":1},"branchMap":{"0":{"type":"branch","line":15,"loc":{"start":{"line":15,"column":36},"end":{"line":60,"column":2}},"locations":[{"start":{"line":15,"column":36},"end":{"line":60,"column":2}}]},"1":{"type":"branch","line":25,"loc":{"start":{"line":25,"column":22},"end":{"line":49,"column":4}},"locations":[{"start":{"line":25,"column":22},"end":{"line":49,"column":4}}]},"2":{"type":"branch","line":26,"loc":{"start":{"line":26,"column":27},"end":{"line":38,"column":11}},"locations":[{"start":{"line":26,"column":27},"end":{"line":38,"column":11}}]},"3":{"type":"branch","line":33,"loc":{"start":{"line":33,"column":21},"end":{"line":33,"column":29}},"locations":[{"start":{"line":33,"column":21},"end":{"line":33,"column":29}}]},"4":{"type":"branch","line":34,"loc":{"start":{"line":34,"column":15},"end":{"line":34,"column":27}},"locations":[{"start":{"line":34,"column":15},"end":{"line":34,"column":27}}]},"5":{"type":"branch","line":38,"loc":{"start":{"line":38,"column":4},"end":{"line":48,"column":5}},"locations":[{"start":{"line":38,"column":4},"end":{"line":48,"column":5}}]}},"b":{"0":[92],"1":[91],"2":[14],"3":[0],"4":[0],"5":[77]},"fnMap":{"0":{"name":"Input","decl":{"start":{"line":15,"column":36},"end":{"line":60,"column":2}},"loc":{"start":{"line":15,"column":36},"end":{"line":60,"column":2}},"line":15},"1":{"name":"renderInput","decl":{"start":{"line":25,"column":22},"end":{"line":49,"column":4}},"loc":{"start":{"line":25,"column":22},"end":{"line":49,"column":4}},"line":25}},"f":{"0":92,"1":91}}
,"C:\\Users\\sboud\\Desktop\\SLICE COMPONENTS REACT + VITE + TYPESCRIPT\\src\\components\\UI\\SelectComponent.tsx": {"path":"C:\\Users\\sboud\\Desktop\\SLICE COMPONENTS REACT + VITE + TYPESCRIPT\\src\\components\\UI\\SelectComponent.tsx","all":false,"statementMap":{"0":{"start":{"line":1,"column":0},"end":{"line":1,"column":26}},"1":{"start":{"line":2,"column":0},"end":{"line":2,"column":0}},"2":{"start":{"line":3,"column":0},"end":{"line":3,"column":23}},"3":{"start":{"line":4,"column":0},"end":{"line":4,"column":20}},"4":{"start":{"line":5,"column":0},"end":{"line":5,"column":16}},"5":{"start":{"line":6,"column":0},"end":{"line":6,"column":62}},"6":{"start":{"line":7,"column":0},"end":{"line":7,"column":20}},"7":{"start":{"line":8,"column":0},"end":{"line":8,"column":17}},"8":{"start":{"line":9,"column":0},"end":{"line":9,"column":1}},"9":{"start":{"line":10,"column":0},"end":{"line":10,"column":0}},"10":{"start":{"line":11,"column":0},"end":{"line":11,"column":49}},"11":{"start":{"line":12,"column":0},"end":{"line":12,"column":12}},"12":{"start":{"line":13,"column":0},"end":{"line":13,"column":8}},"13":{"start":{"line":14,"column":0},"end":{"line":14,"column":11}},"14":{"start":{"line":15,"column":0},"end":{"line":15,"column":10}},"15":{"start":{"line":16,"column":0},"end":{"line":16,"column":9}},"16":{"start":{"line":17,"column":0},"end":{"line":17,"column":7}},"17":{"start":{"line":18,"column":0},"end":{"line":18,"column":10}},"18":{"start":{"line":19,"column":0},"end":{"line":19,"column":89}},"19":{"start":{"line":20,"column":0},"end":{"line":20,"column":32}},"20":{"start":{"line":21,"column":0},"end":{"line":21,"column":56}},"21":{"start":{"line":22,"column":0},"end":{"line":22,"column":9}},"22":{"start":{"line":23,"column":0},"end":{"line":23,"column":13}},"23":{"start":{"line":24,"column":0},"end":{"line":24,"column":4}},"24":{"start":{"line":25,"column":0},"end":{"line":25,"column":2}},"25":{"start":{"line":26,"column":0},"end":{"line":26,"column":0}},"26":{"start":{"line":27,"column":0},"end":{"line":27,"column":31}}},"s":{"0":1,"1":1,"2":1,"3":1,"4":1,"5":1,"6":1,"7":1,"8":1,"9":1,"10":1,"11":20,"12":20,"13":20,"14":20,"15":20,"16":20,"17":20,"18":20,"19":20,"20":76,"21":20,"22":20,"23":20,"24":20,"25":1,"26":1},"branchMap":{"0":{"type":"branch","line":11,"loc":{"start":{"line":11,"column":47},"end":{"line":25,"column":2}},"locations":[{"start":{"line":11,"column":47},"end":{"line":25,"column":2}}]},"1":{"type":"branch","line":20,"loc":{"start":{"line":20,"column":19},"end":{"line":22,"column":7}},"locations":[{"start":{"line":20,"column":19},"end":{"line":22,"column":7}}]}},"b":{"0":[20],"1":[76]},"fnMap":{"0":{"name":"SelectComponent","decl":{"start":{"line":11,"column":47},"end":{"line":25,"column":2}},"loc":{"start":{"line":11,"column":47},"end":{"line":25,"column":2}},"line":11}},"f":{"0":20}}
,"C:\\Users\\sboud\\Desktop\\SLICE COMPONENTS REACT + VITE + TYPESCRIPT\\src\\components\\UI\\TextAreaComponent.tsx": {"path":"C:\\Users\\sboud\\Desktop\\SLICE COMPONENTS REACT + VITE + TYPESCRIPT\\src\\components\\UI\\TextAreaComponent.tsx","all":false,"statementMap":{"0":{"start":{"line":1,"column":0},"end":{"line":1,"column":26}},"1":{"start":{"line":2,"column":0},"end":{"line":2,"column":0}},"2":{"start":{"line":3,"column":0},"end":{"line":3,"column":33}},"3":{"start":{"line":4,"column":0},"end":{"line":4,"column":16}},"4":{"start":{"line":5,"column":0},"end":{"line":5,"column":64}},"5":{"start":{"line":6,"column":0},"end":{"line":6,"column":22}},"6":{"start":{"line":7,"column":0},"end":{"line":7,"column":17}},"7":{"start":{"line":8,"column":0},"end":{"line":8,"column":1}},"8":{"start":{"line":9,"column":0},"end":{"line":9,"column":0}},"9":{"start":{"line":10,"column":0},"end":{"line":10,"column":61}},"10":{"start":{"line":11,"column":0},"end":{"line":11,"column":8}},"11":{"start":{"line":12,"column":0},"end":{"line":12,"column":11}},"12":{"start":{"line":13,"column":0},"end":{"line":13,"column":14}},"13":{"start":{"line":14,"column":0},"end":{"line":14,"column":9}},"14":{"start":{"line":15,"column":0},"end":{"line":15,"column":7}},"15":{"start":{"line":16,"column":0},"end":{"line":16,"column":10}},"16":{"start":{"line":17,"column":0},"end":{"line":17,"column":13}},"17":{"start":{"line":18,"column":0},"end":{"line":18,"column":26}},"18":{"start":{"line":19,"column":0},"end":{"line":19,"column":19}},"19":{"start":{"line":20,"column":0},"end":{"line":20,"column":31}},"20":{"start":{"line":21,"column":0},"end":{"line":21,"column":25}},"21":{"start":{"line":22,"column":0},"end":{"line":22,"column":26}},"22":{"start":{"line":23,"column":0},"end":{"line":23,"column":6}},"23":{"start":{"line":24,"column":0},"end":{"line":24,"column":4}},"24":{"start":{"line":25,"column":0},"end":{"line":25,"column":2}},"25":{"start":{"line":26,"column":0},"end":{"line":26,"column":0}},"26":{"start":{"line":27,"column":0},"end":{"line":27,"column":33}}},"s":{"0":1,"1":1,"2":1,"3":1,"4":1,"5":1,"6":1,"7":1,"8":1,"9":1,"10":19,"11":19,"12":19,"13":19,"14":19,"15":19,"16":19,"17":19,"18":19,"19":19,"20":19,"21":19,"22":19,"23":19,"24":19,"25":1,"26":1},"branchMap":{"0":{"type":"branch","line":10,"loc":{"start":{"line":10,"column":59},"end":{"line":25,"column":2}},"locations":[{"start":{"line":10,"column":59},"end":{"line":25,"column":2}}]}},"b":{"0":[19]},"fnMap":{"0":{"name":"TextAreaComponent","decl":{"start":{"line":10,"column":59},"end":{"line":25,"column":2}},"loc":{"start":{"line":10,"column":59},"end":{"line":25,"column":2}},"line":10}},"f":{"0":19}}
,"C:\\Users\\sboud\\Desktop\\SLICE COMPONENTS REACT + VITE + TYPESCRIPT\\src\\hooks\\useSliceHandler.tsx": {"path":"C:\\Users\\sboud\\Desktop\\SLICE COMPONENTS REACT + VITE + TYPESCRIPT\\src\\hooks\\useSliceHandler.tsx","all":false,"statementMap":{"0":{"start":{"line":1,"column":0},"end":{"line":1,"column":44}},"1":{"start":{"line":2,"column":0},"end":{"line":2,"column":76}},"2":{"start":{"line":3,"column":0},"end":{"line":3,"column":8}},"3":{"start":{"line":4,"column":0},"end":{"line":4,"column":22}},"4":{"start":{"line":5,"column":0},"end":{"line":5,"column":11}},"5":{"start":{"line":6,"column":0},"end":{"line":6,"column":14}},"6":{"start":{"line":7,"column":0},"end":{"line":7,"column":14}},"7":{"start":{"line":8,"column":0},"end":{"line":8,"column":35}},"8":{"start":{"line":9,"column":0},"end":{"line":9,"column":0}},"9":{"start":{"line":10,"column":0},"end":{"line":10,"column":31}},"10":{"start":{"line":11,"column":0},"end":{"line":11,"column":52}},"11":{"start":{"line":12,"column":0},"end":{"line":12,"column":0}},"12":{"start":{"line":13,"column":0},"end":{"line":13,"column":19}},"13":{"start":{"line":14,"column":0},"end":{"line":14,"column":50}},"14":{"start":{"line":15,"column":0},"end":{"line":15,"column":31}},"15":{"start":{"line":16,"column":0},"end":{"line":16,"column":9}},"16":{"start":{"line":17,"column":0},"end":{"line":17,"column":0}},"17":{"start":{"line":18,"column":0},"end":{"line":18,"column":51}},"18":{"start":{"line":19,"column":0},"end":{"line":19,"column":29}},"19":{"start":{"line":20,"column":0},"end":{"line":20,"column":32}},"20":{"start":{"line":21,"column":0},"end":{"line":21,"column":17}},"21":{"start":{"line":22,"column":0},"end":{"line":22,"column":6}},"22":{"start":{"line":23,"column":0},"end":{"line":23,"column":62}},"23":{"start":{"line":24,"column":0},"end":{"line":24,"column":4}},"24":{"start":{"line":25,"column":0},"end":{"line":25,"column":0}},"25":{"start":{"line":26,"column":0},"end":{"line":26,"column":45}},"26":{"start":{"line":27,"column":0},"end":{"line":27,"column":59}},"27":{"start":{"line":28,"column":0},"end":{"line":28,"column":4}},"28":{"start":{"line":29,"column":0},"end":{"line":29,"column":0}},"29":{"start":{"line":30,"column":0},"end":{"line":30,"column":29}},"30":{"start":{"line":31,"column":0},"end":{"line":31,"column":15}},"31":{"start":{"line":32,"column":0},"end":{"line":32,"column":67}},"32":{"start":{"line":33,"column":0},"end":{"line":33,"column":26}},"33":{"start":{"line":34,"column":0},"end":{"line":34,"column":8}},"34":{"start":{"line":35,"column":0},"end":{"line":35,"column":73}},"35":{"start":{"line":36,"column":0},"end":{"line":36,"column":4}},"36":{"start":{"line":37,"column":0},"end":{"line":37,"column":0}},"37":{"start":{"line":38,"column":0},"end":{"line":38,"column":74}},"38":{"start":{"line":39,"column":0},"end":{"line":39,"column":2}},"39":{"start":{"line":40,"column":0},"end":{"line":40,"column":0}},"40":{"start":{"line":41,"column":0},"end":{"line":41,"column":31}}},"s":{"0":1,"1":1,"2":1,"3":1,"4":1,"5":1,"6":1,"7":1,"8":1,"9":1,"10":36,"11":36,"12":36,"13":5,"14":5,"15":36,"16":36,"17":36,"18":15,"19":15,"20":15,"21":15,"22":15,"23":15,"24":36,"25":36,"26":3,"27":3,"28":36,"29":36,"30":7,"31":7,"32":7,"33":7,"34":7,"35":7,"36":36,"37":36,"38":36,"39":1,"40":1},"branchMap":{"0":{"type":"branch","line":10,"loc":{"start":{"line":10,"column":24},"end":{"line":39,"column":2}},"locations":[{"start":{"line":10,"column":24},"end":{"line":39,"column":2}}]},"1":{"type":"branch","line":13,"loc":{"start":{"line":13,"column":12},"end":{"line":16,"column":5}},"locations":[{"start":{"line":13,"column":12},"end":{"line":16,"column":5}}]},"2":{"type":"branch","line":18,"loc":{"start":{"line":18,"column":25},"end":{"line":24,"column":4}},"locations":[{"start":{"line":18,"column":25},"end":{"line":24,"column":4}}]},"3":{"type":"branch","line":23,"loc":{"start":{"line":23,"column":14},"end":{"line":23,"column":60}},"locations":[{"start":{"line":23,"column":14},"end":{"line":23,"column":60}}]},"4":{"type":"branch","line":26,"loc":{"start":{"line":26,"column":28},"end":{"line":28,"column":4}},"locations":[{"start":{"line":26,"column":28},"end":{"line":28,"column":4}}]},"5":{"type":"branch","line":27,"loc":{"start":{"line":27,"column":14},"end":{"line":27,"column":57}},"locations":[{"start":{"line":27,"column":14},"end":{"line":27,"column":57}}]},"6":{"type":"branch","line":30,"loc":{"start":{"line":30,"column":28},"end":{"line":36,"column":4}},"locations":[{"start":{"line":30,"column":28},"end":{"line":36,"column":4}}]},"7":{"type":"branch","line":35,"loc":{"start":{"line":35,"column":14},"end":{"line":35,"column":71}},"locations":[{"start":{"line":35,"column":14},"end":{"line":35,"column":71}}]}},"b":{"0":[36],"1":[5],"2":[15],"3":[15],"4":[3],"5":[3],"6":[7],"7":[7]},"fnMap":{"0":{"name":"useSliceHandler","decl":{"start":{"line":10,"column":24},"end":{"line":39,"column":2}},"loc":{"start":{"line":10,"column":24},"end":{"line":39,"column":2}},"line":10},"1":{"name":"handleAddSlice","decl":{"start":{"line":18,"column":25},"end":{"line":24,"column":4}},"loc":{"start":{"line":18,"column":25},"end":{"line":24,"column":4}},"line":18},"2":{"name":"handleRemoveSlice","decl":{"start":{"line":26,"column":28},"end":{"line":28,"column":4}},"loc":{"start":{"line":26,"column":28},"end":{"line":28,"column":4}},"line":26},"3":{"name":"handleUpdateSlice","decl":{"start":{"line":30,"column":28},"end":{"line":36,"column":4}},"loc":{"start":{"line":30,"column":28},"end":{"line":36,"column":4}},"line":30}},"f":{"0":36,"1":15,"2":3,"3":7}}
,"C:\\Users\\sboud\\Desktop\\SLICE COMPONENTS REACT + VITE + TYPESCRIPT\\src\\utils\\pageBuilderUtils.ts": {"path":"C:\\Users\\sboud\\Desktop\\SLICE COMPONENTS REACT + VITE + TYPESCRIPT\\src\\utils\\pageBuilderUtils.ts","all":false,"statementMap":{"0":{"start":{"line":1,"column":0},"end":{"line":1,"column":76}},"1":{"start":{"line":2,"column":0},"end":{"line":2,"column":0}},"2":{"start":{"line":3,"column":0},"end":{"line":3,"column":51}},"3":{"start":{"line":4,"column":0},"end":{"line":4,"column":29}},"4":{"start":{"line":5,"column":0},"end":{"line":5,"column":49}},"5":{"start":{"line":6,"column":0},"end":{"line":6,"column":36}},"6":{"start":{"line":7,"column":0},"end":{"line":7,"column":42}},"7":{"start":{"line":8,"column":0},"end":{"line":8,"column":68}},"8":{"start":{"line":9,"column":0},"end":{"line":9,"column":34}},"9":{"start":{"line":10,"column":0},"end":{"line":10,"column":5}},"10":{"start":{"line":11,"column":0},"end":{"line":11,"column":3}},"11":{"start":{"line":12,"column":0},"end":{"line":12,"column":25}},"12":{"start":{"line":13,"column":0},"end":{"line":13,"column":2}},"13":{"start":{"line":14,"column":0},"end":{"line":14,"column":0}},"14":{"start":{"line":15,"column":0},"end":{"line":15,"column":68}},"15":{"start":{"line":16,"column":0},"end":{"line":16,"column":29}},"16":{"start":{"line":17,"column":0},"end":{"line":17,"column":69}},"17":{"start":{"line":18,"column":0},"end":{"line":18,"column":5}},"18":{"start":{"line":19,"column":0},"end":{"line":19,"column":2}},"19":{"start":{"line":20,"column":0},"end":{"line":20,"column":0}},"20":{"start":{"line":21,"column":0},"end":{"line":21,"column":76}},"21":{"start":{"line":22,"column":0},"end":{"line":22,"column":50}},"22":{"start":{"line":23,"column":0},"end":{"line":23,"column":42}},"23":{"start":{"line":24,"column":0},"end":{"line":24,"column":23}},"24":{"start":{"line":25,"column":0},"end":{"line":25,"column":2}},"25":{"start":{"line":26,"column":0},"end":{"line":26,"column":0}},"26":{"start":{"line":27,"column":0},"end":{"line":27,"column":74}},"27":{"start":{"line":28,"column":0},"end":{"line":28,"column":70}},"28":{"start":{"line":29,"column":0},"end":{"line":29,"column":41}},"29":{"start":{"line":30,"column":0},"end":{"line":30,"column":23}},"30":{"start":{"line":31,"column":0},"end":{"line":31,"column":2}},"31":{"start":{"line":32,"column":0},"end":{"line":32,"column":0}},"32":{"start":{"line":33,"column":0},"end":{"line":33,"column":28}},"33":{"start":{"line":34,"column":0},"end":{"line":34,"column":22}},"34":{"start":{"line":35,"column":0},"end":{"line":35,"column":13}},"35":{"start":{"line":36,"column":0},"end":{"line":36,"column":65}},"36":{"start":{"line":37,"column":0},"end":{"line":37,"column":24}},"37":{"start":{"line":38,"column":0},"end":{"line":38,"column":15}},"38":{"start":{"line":39,"column":0},"end":{"line":39,"column":52}},"39":{"start":{"line":40,"column":0},"end":{"line":40,"column":26}},"40":{"start":{"line":41,"column":0},"end":{"line":41,"column":14}},"41":{"start":{"line":42,"column":0},"end":{"line":42,"column":17}},"42":{"start":{"line":43,"column":0},"end":{"line":43,"column":23}},"43":{"start":{"line":44,"column":0},"end":{"line":44,"column":8}},"44":{"start":{"line":45,"column":0},"end":{"line":45,"column":5}},"45":{"start":{"line":46,"column":0},"end":{"line":46,"column":17}},"46":{"start":{"line":47,"column":0},"end":{"line":47,"column":5}},"47":{"start":{"line":48,"column":0},"end":{"line":48,"column":43}},"48":{"start":{"line":49,"column":0},"end":{"line":49,"column":24}},"49":{"start":{"line":50,"column":0},"end":{"line":50,"column":2}},"50":{"start":{"line":51,"column":0},"end":{"line":51,"column":0}},"51":{"start":{"line":52,"column":0},"end":{"line":52,"column":67}},"52":{"start":{"line":53,"column":0},"end":{"line":53,"column":41}},"53":{"start":{"line":54,"column":0},"end":{"line":54,"column":33}},"54":{"start":{"line":55,"column":0},"end":{"line":55,"column":1}}},"s":{"0":1,"1":1,"2":1,"3":5,"4":5,"5":0,"6":0,"7":0,"8":0,"9":0,"10":0,"11":5,"12":5,"13":1,"14":1,"15":22,"16":51,"17":22,"18":22,"19":1,"20":1,"21":15,"22":15,"23":15,"24":15,"25":1,"26":1,"27":3,"28":3,"29":3,"30":3,"31":1,"32":1,"33":7,"34":7,"35":7,"36":7,"37":7,"38":7,"39":21,"40":7,"41":7,"42":7,"43":7,"44":7,"45":14,"46":7,"47":7,"48":7,"49":7,"50":1,"51":1,"52":129,"53":129,"54":129},"branchMap":{"0":{"type":"branch","line":3,"loc":{"start":{"line":3,"column":35},"end":{"line":13,"column":2}},"locations":[{"start":{"line":3,"column":35},"end":{"line":13,"column":2}}]},"1":{"type":"branch","line":5,"loc":{"start":{"line":5,"column":48},"end":{"line":11,"column":3}},"locations":[{"start":{"line":5,"column":48},"end":{"line":11,"column":3}}]},"2":{"type":"branch","line":15,"loc":{"start":{"line":15,"column":40},"end":{"line":19,"column":2}},"locations":[{"start":{"line":15,"column":40},"end":{"line":19,"column":2}}]},"3":{"type":"branch","line":16,"loc":{"start":{"line":16,"column":17},"end":{"line":18,"column":3}},"locations":[{"start":{"line":16,"column":17},"end":{"line":18,"column":3}}]},"4":{"type":"branch","line":21,"loc":{"start":{"line":21,"column":24},"end":{"line":25,"column":2}},"locations":[{"start":{"line":21,"column":24},"end":{"line":25,"column":2}}]},"5":{"type":"branch","line":27,"loc":{"start":{"line":27,"column":27},"end":{"line":31,"column":2}},"locations":[{"start":{"line":27,"column":27},"end":{"line":31,"column":2}}]},"6":{"type":"branch","line":28,"loc":{"start":{"line":28,"column":42},"end":{"line":28,"column":68}},"locations":[{"start":{"line":28,"column":42},"end":{"line":28,"column":68}}]},"7":{"type":"branch","line":33,"loc":{"start":{"line":33,"column":27},"end":{"line":50,"column":2}},"locations":[{"start":{"line":33,"column":27},"end":{"line":50,"column":2}}]},"8":{"type":"branch","line":39,"loc":{"start":{"line":39,"column":40},"end":{"line":47,"column":3}},"locations":[{"start":{"line":39,"column":40},"end":{"line":47,"column":3}}]},"9":{"type":"branch","line":40,"loc":{"start":{"line":40,"column":25},"end":{"line":45,"column":5}},"locations":[{"start":{"line":40,"column":25},"end":{"line":45,"column":5}}]},"10":{"type":"branch","line":45,"loc":{"start":{"line":45,"column":4},"end":{"line":46,"column":17}},"locations":[{"start":{"line":45,"column":4},"end":{"line":46,"column":17}}]},"11":{"type":"branch","line":52,"loc":{"start":{"line":52,"column":29},"end":{"line":55,"column":1}},"locations":[{"start":{"line":52,"column":29},"end":{"line":55,"column":1}}]}},"b":{"0":[5],"1":[0],"2":[22],"3":[51],"4":[15],"5":[3],"6":[6],"7":[7],"8":[21],"9":[7],"10":[14],"11":[129]},"fnMap":{"0":{"name":"loadPersistedSlices","decl":{"start":{"line":3,"column":35},"end":{"line":13,"column":2}},"loc":{"start":{"line":3,"column":35},"end":{"line":13,"column":2}},"line":3},"1":{"name":"saveSlicesToLocalStorage","decl":{"start":{"line":15,"column":40},"end":{"line":19,"column":2}},"loc":{"start":{"line":15,"column":40},"end":{"line":19,"column":2}},"line":15},"2":{"name":"addSlice","decl":{"start":{"line":21,"column":24},"end":{"line":25,"column":2}},"loc":{"start":{"line":21,"column":24},"end":{"line":25,"column":2}},"line":21},"3":{"name":"removeSlice","decl":{"start":{"line":27,"column":27},"end":{"line":31,"column":2}},"loc":{"start":{"line":27,"column":27},"end":{"line":31,"column":2}},"line":27},"4":{"name":"updateSlice","decl":{"start":{"line":33,"column":27},"end":{"line":50,"column":2}},"loc":{"start":{"line":33,"column":27},"end":{"line":50,"column":2}},"line":33},"5":{"name":"testIdHandler","decl":{"start":{"line":52,"column":29},"end":{"line":55,"column":1}},"loc":{"start":{"line":52,"column":29},"end":{"line":55,"column":1}},"line":52}},"f":{"0":5,"1":22,"2":15,"3":3,"4":7,"5":129}}
}
